c:\users\bml15\source\repos\cfcheater\x64\release\cfcheater.ipdb
c:\users\bml15\source\repos\cfcheater\x64\release\cfcheater.iobj
d:\source\repos\cfcheater\x64\release\cfcheater.ipdb
d:\source\repos\cfcheater\x64\release\cfcheater.iobj
c:\users\bml15\source\repos\cfcheater\x64\release\cfcheater.pch
c:\users\bml15\source\repos\cfcheater\x64\release\vc142.pdb
c:\users\bml15\source\repos\cfcheater\x64\release\pch.obj
c:\users\bml15\source\repos\cfcheater\x64\release\cfcheaterdlg.obj
c:\users\bml15\source\repos\cfcheater\x64\release\cfcheater.obj
d:\source\repos\cfcheater\x64\release\cfcheater.pch
d:\source\repos\cfcheater\x64\release\vc142.pdb
d:\source\repos\cfcheater\x64\release\pch.obj
d:\source\repos\cfcheater\x64\release\cfcheaterdlg.obj
d:\source\repos\cfcheater\x64\release\cfcheater.obj
c:\users\bml15\source\repos\cfcheater\x64\release\cfcheater.exe
c:\users\bml15\source\repos\cfcheater\x64\release\cfcheater.pdb
d:\source\repos\cfcheater\x64\release\cfcheater.exe
d:\source\repos\cfcheater\x64\release\cfcheater.pdb
c:\users\bml15\source\repos\cfcheater\x64\release\cfcheater.res
d:\source\repos\cfcheater\x64\release\cfcheater.res
d:\source\repos\cfcheater\x64\release\cfcheater.tlog\cfcheater.write.1u.tlog
d:\source\repos\cfcheater\x64\release\cfcheater.tlog\cl.command.1.tlog
d:\source\repos\cfcheater\x64\release\cfcheater.tlog\cl.read.1.tlog
d:\source\repos\cfcheater\x64\release\cfcheater.tlog\cl.write.1.tlog
d:\source\repos\cfcheater\x64\release\cfcheater.tlog\link.command.1.tlog
d:\source\repos\cfcheater\x64\release\cfcheater.tlog\link.read.1.tlog
d:\source\repos\cfcheater\x64\release\cfcheater.tlog\link.write.1.tlog
d:\source\repos\cfcheater\x64\release\cfcheater.tlog\rc.command.1.tlog
d:\source\repos\cfcheater\x64\release\cfcheater.tlog\rc.read.1.tlog
d:\source\repos\cfcheater\x64\release\cfcheater.tlog\rc.write.1.tlog
